<?xml version="1.0" encoding="UTF-8"?>
<testng-results skipped="0" failed="0" ignored="0" total="1" passed="1">
  <reporter-output>
  </reporter-output>
  <suite name="Suite" duration-ms="17076" started-at="2018-04-23T06:29:07Z" finished-at="2018-04-23T06:29:24Z">
    <groups>
    </groups>
    <test name="Test" duration-ms="17076" started-at="2018-04-23T06:29:07Z" finished-at="2018-04-23T06:29:24Z">
      <class name="tests.testGIT">
        <test-method status="PASS" signature="beforeClass()[pri:0, instance:tests.testGIT@27efef64]" name="beforeClass" is-config="true" duration-ms="9360" started-at="2018-04-23T11:59:07Z" finished-at="2018-04-23T11:59:17Z">
          <reporter-output>
          </reporter-output>
        </test-method> <!-- beforeClass -->
        <test-method status="PASS" signature="openMyBlog()[pri:0, instance:tests.testGIT@27efef64]" name="openMyBlog" duration-ms="7618" started-at="2018-04-23T11:59:17Z" finished-at="2018-04-23T11:59:24Z">
          <reporter-output>
          </reporter-output>
        </test-method> <!-- openMyBlog -->
        <test-method status="PASS" signature="afterClass()[pri:0, instance:tests.testGIT@27efef64]" name="afterClass" is-config="true" duration-ms="72" started-at="2018-04-23T11:59:24Z" finished-at="2018-04-23T11:59:24Z">
          <reporter-output>
          </reporter-output>
        </test-method> <!-- afterClass -->
      </class> <!-- tests.testGIT -->
    </test> <!-- Test -->
  </suite> <!-- Suite -->
</testng-results>
